ERROR - 2025-07-16 01:43:47 --> Error connecting to the database: Access denied for user ''@'localhost' (using password: NO)
CRITICAL - 2025-07-16 01:43:47 --> Unable to connect to the database.
Main connection [MySQLi]: Access denied for user ''@'localhost' (using password: NO)
#0 C:\xampp\htdocs\ecart\system\Database\BaseConnection.php(577): CodeIgniter\Database\BaseConnection->initialize()
#1 C:\xampp\htdocs\ecart\system\Database\BaseBuilder.php(1455): CodeIgniter\Database\BaseConnection->query('SELECT *\nFROM `...', Array, false)
#2 C:\xampp\htdocs\ecart\system\Model.php(210): CodeIgniter\Database\BaseBuilder->get()
#3 C:\xampp\htdocs\ecart\system\BaseModel.php(622): CodeIgniter\Model->doFirst()
#4 C:\xampp\htdocs\ecart\app\Controllers\Register.php(33): CodeIgniter\BaseModel->first()
#5 C:\xampp\htdocs\ecart\system\CodeIgniter.php(825): App\Controllers\Register->index()
#6 C:\xampp\htdocs\ecart\system\CodeIgniter.php(412): CodeIgniter\CodeIgniter->runController(Object(App\Controllers\Register))
#7 C:\xampp\htdocs\ecart\system\CodeIgniter.php(320): CodeIgniter\CodeIgniter->handleRequest(NULL, Object(Config\Cache), false)
#8 C:\xampp\htdocs\ecart\index.php(37): CodeIgniter\CodeIgniter->run()
#9 {main}
ERROR - 2025-07-16 01:44:11 --> Error connecting to the database: Access denied for user ''@'localhost' (using password: NO)
CRITICAL - 2025-07-16 01:44:11 --> Unable to connect to the database.
Main connection [MySQLi]: Access denied for user ''@'localhost' (using password: NO)
#0 C:\xampp\htdocs\ecart\system\Database\BaseConnection.php(577): CodeIgniter\Database\BaseConnection->initialize()
#1 C:\xampp\htdocs\ecart\system\Database\BaseBuilder.php(1455): CodeIgniter\Database\BaseConnection->query('SELECT *\nFROM `...', Array, false)
#2 C:\xampp\htdocs\ecart\system\Model.php(210): CodeIgniter\Database\BaseBuilder->get()
#3 C:\xampp\htdocs\ecart\system\BaseModel.php(622): CodeIgniter\Model->doFirst()
#4 C:\xampp\htdocs\ecart\app\Controllers\Register.php(33): CodeIgniter\BaseModel->first()
#5 C:\xampp\htdocs\ecart\system\CodeIgniter.php(825): App\Controllers\Register->index()
#6 C:\xampp\htdocs\ecart\system\CodeIgniter.php(412): CodeIgniter\CodeIgniter->runController(Object(App\Controllers\Register))
#7 C:\xampp\htdocs\ecart\system\CodeIgniter.php(320): CodeIgniter\CodeIgniter->handleRequest(NULL, Object(Config\Cache), false)
#8 C:\xampp\htdocs\ecart\index.php(37): CodeIgniter\CodeIgniter->run()
#9 {main}
ERROR - 2025-07-16 01:44:35 --> Error connecting to the database: Access denied for user ''@'localhost' (using password: NO)
CRITICAL - 2025-07-16 01:44:35 --> Unable to connect to the database.
Main connection [MySQLi]: Access denied for user ''@'localhost' (using password: NO)
#0 C:\xampp\htdocs\ecart\system\Database\BaseConnection.php(577): CodeIgniter\Database\BaseConnection->initialize()
#1 C:\xampp\htdocs\ecart\system\Database\BaseBuilder.php(1455): CodeIgniter\Database\BaseConnection->query('SELECT *\nFROM `...', Array, false)
#2 C:\xampp\htdocs\ecart\system\Model.php(210): CodeIgniter\Database\BaseBuilder->get()
#3 C:\xampp\htdocs\ecart\system\BaseModel.php(622): CodeIgniter\Model->doFirst()
#4 C:\xampp\htdocs\ecart\app\Controllers\Register.php(33): CodeIgniter\BaseModel->first()
#5 C:\xampp\htdocs\ecart\system\CodeIgniter.php(825): App\Controllers\Register->index()
#6 C:\xampp\htdocs\ecart\system\CodeIgniter.php(412): CodeIgniter\CodeIgniter->runController(Object(App\Controllers\Register))
#7 C:\xampp\htdocs\ecart\system\CodeIgniter.php(320): CodeIgniter\CodeIgniter->handleRequest(NULL, Object(Config\Cache), false)
#8 C:\xampp\htdocs\ecart\index.php(37): CodeIgniter\CodeIgniter->run()
#9 {main}
ERROR - 2025-07-16 01:45:32 --> Error connecting to the database: Access denied for user ''@'localhost' (using password: NO)
CRITICAL - 2025-07-16 01:45:32 --> Unable to connect to the database.
Main connection [MySQLi]: Access denied for user ''@'localhost' (using password: NO)
#0 C:\xampp\htdocs\ecart\system\Database\BaseConnection.php(577): CodeIgniter\Database\BaseConnection->initialize()
#1 C:\xampp\htdocs\ecart\system\Database\BaseBuilder.php(1455): CodeIgniter\Database\BaseConnection->query('SELECT *\nFROM `...', Array, false)
#2 C:\xampp\htdocs\ecart\system\Model.php(210): CodeIgniter\Database\BaseBuilder->get()
#3 C:\xampp\htdocs\ecart\system\BaseModel.php(622): CodeIgniter\Model->doFirst()
#4 C:\xampp\htdocs\ecart\app\Controllers\Register.php(33): CodeIgniter\BaseModel->first()
#5 C:\xampp\htdocs\ecart\system\CodeIgniter.php(825): App\Controllers\Register->index()
#6 C:\xampp\htdocs\ecart\system\CodeIgniter.php(412): CodeIgniter\CodeIgniter->runController(Object(App\Controllers\Register))
#7 C:\xampp\htdocs\ecart\system\CodeIgniter.php(320): CodeIgniter\CodeIgniter->handleRequest(NULL, Object(Config\Cache), false)
#8 C:\xampp\htdocs\ecart\index.php(37): CodeIgniter\CodeIgniter->run()
#9 {main}
ERROR - 2025-07-16 01:45:41 --> Error connecting to the database: Access denied for user ''@'localhost' (using password: NO)
CRITICAL - 2025-07-16 01:45:41 --> Unable to connect to the database.
Main connection [MySQLi]: Access denied for user ''@'localhost' (using password: NO)
#0 C:\xampp\htdocs\ecart\system\Database\BaseConnection.php(577): CodeIgniter\Database\BaseConnection->initialize()
#1 C:\xampp\htdocs\ecart\system\Database\BaseBuilder.php(1455): CodeIgniter\Database\BaseConnection->query('SELECT *\nFROM `...', Array, false)
#2 C:\xampp\htdocs\ecart\system\Model.php(210): CodeIgniter\Database\BaseBuilder->get()
#3 C:\xampp\htdocs\ecart\system\BaseModel.php(622): CodeIgniter\Model->doFirst()
#4 C:\xampp\htdocs\ecart\app\Controllers\Register.php(33): CodeIgniter\BaseModel->first()
#5 C:\xampp\htdocs\ecart\system\CodeIgniter.php(825): App\Controllers\Register->index()
#6 C:\xampp\htdocs\ecart\system\CodeIgniter.php(412): CodeIgniter\CodeIgniter->runController(Object(App\Controllers\Register))
#7 C:\xampp\htdocs\ecart\system\CodeIgniter.php(320): CodeIgniter\CodeIgniter->handleRequest(NULL, Object(Config\Cache), false)
#8 C:\xampp\htdocs\ecart\index.php(37): CodeIgniter\CodeIgniter->run()
#9 {main}
CRITICAL - 2025-07-16 06:08:13 --> Class "App\Models\CategoryModel" not found
#0 C:\xampp\htdocs\ecart\system\CodeIgniter.php(825): App\Controllers\Admin->categories()
#1 C:\xampp\htdocs\ecart\system\CodeIgniter.php(412): CodeIgniter\CodeIgniter->runController(Object(App\Controllers\Admin))
#2 C:\xampp\htdocs\ecart\system\CodeIgniter.php(320): CodeIgniter\CodeIgniter->handleRequest(NULL, Object(Config\Cache), false)
#3 C:\xampp\htdocs\ecart\index.php(37): CodeIgniter\CodeIgniter->run()
#4 {main}
CRITICAL - 2025-07-16 06:08:55 --> Invalid file: admin/add_category.php
#0 C:\xampp\htdocs\ecart\system\View\View.php(198): CodeIgniter\Exceptions\FrameworkException::forInvalidFile('admin/add_categ...')
#1 C:\xampp\htdocs\ecart\system\Common.php(1089): CodeIgniter\View\View->render('admin/add_categ...', Array, true)
#2 C:\xampp\htdocs\ecart\app\Controllers\Admin.php(146): view('admin/add_categ...', Array)
#3 C:\xampp\htdocs\ecart\system\CodeIgniter.php(825): App\Controllers\Admin->addCategory()
#4 C:\xampp\htdocs\ecart\system\CodeIgniter.php(412): CodeIgniter\CodeIgniter->runController(Object(App\Controllers\Admin))
#5 C:\xampp\htdocs\ecart\system\CodeIgniter.php(320): CodeIgniter\CodeIgniter->handleRequest(NULL, Object(Config\Cache), false)
#6 C:\xampp\htdocs\ecart\index.php(37): CodeIgniter\CodeIgniter->run()
#7 {main}
CRITICAL - 2025-07-16 06:24:37 --> Undefined variable $store
#0 C:\xampp\htdocs\ecart\app\Views\admin\layout.php(6): CodeIgniter\Debug\Exceptions->errorHandler(2, 'Undefined varia...', 'C:\\xampp\\htdocs...', 6)
#1 C:\xampp\htdocs\ecart\system\View\View.php(210): include('C:\\xampp\\htdocs...')
#2 C:\xampp\htdocs\ecart\system\View\View.php(213): CodeIgniter\View\View->CodeIgniter\View\{closure}()
#3 C:\xampp\htdocs\ecart\system\View\View.php(226): CodeIgniter\View\View->render('admin/layout', Array, true)
#4 C:\xampp\htdocs\ecart\system\Common.php(1089): CodeIgniter\View\View->render('admin/orders', Array, true)
#5 C:\xampp\htdocs\ecart\app\Controllers\Admin.php(222): view('admin/orders')
#6 C:\xampp\htdocs\ecart\system\CodeIgniter.php(825): App\Controllers\Admin->orders()
#7 C:\xampp\htdocs\ecart\system\CodeIgniter.php(412): CodeIgniter\CodeIgniter->runController(Object(App\Controllers\Admin))
#8 C:\xampp\htdocs\ecart\system\CodeIgniter.php(320): CodeIgniter\CodeIgniter->handleRequest(NULL, Object(Config\Cache), false)
#9 C:\xampp\htdocs\ecart\index.php(37): CodeIgniter\CodeIgniter->run()
#10 {main}
CRITICAL - 2025-07-16 06:25:08 --> Undefined variable $store
#0 C:\xampp\htdocs\ecart\app\Views\admin\layout.php(6): CodeIgniter\Debug\Exceptions->errorHandler(2, 'Undefined varia...', 'C:\\xampp\\htdocs...', 6)
#1 C:\xampp\htdocs\ecart\system\View\View.php(210): include('C:\\xampp\\htdocs...')
#2 C:\xampp\htdocs\ecart\system\View\View.php(213): CodeIgniter\View\View->CodeIgniter\View\{closure}()
#3 C:\xampp\htdocs\ecart\system\View\View.php(226): CodeIgniter\View\View->render('admin/layout', Array, true)
#4 C:\xampp\htdocs\ecart\system\Common.php(1089): CodeIgniter\View\View->render('admin/orders', Array, true)
#5 C:\xampp\htdocs\ecart\app\Controllers\Admin.php(222): view('admin/orders')
#6 C:\xampp\htdocs\ecart\system\CodeIgniter.php(825): App\Controllers\Admin->orders()
#7 C:\xampp\htdocs\ecart\system\CodeIgniter.php(412): CodeIgniter\CodeIgniter->runController(Object(App\Controllers\Admin))
#8 C:\xampp\htdocs\ecart\system\CodeIgniter.php(320): CodeIgniter\CodeIgniter->handleRequest(NULL, Object(Config\Cache), false)
#9 C:\xampp\htdocs\ecart\index.php(37): CodeIgniter\CodeIgniter->run()
#10 {main}
CRITICAL - 2025-07-16 06:25:12 --> Undefined variable $store
#0 C:\xampp\htdocs\ecart\app\Views\admin\layout.php(6): CodeIgniter\Debug\Exceptions->errorHandler(2, 'Undefined varia...', 'C:\\xampp\\htdocs...', 6)
#1 C:\xampp\htdocs\ecart\system\View\View.php(210): include('C:\\xampp\\htdocs...')
#2 C:\xampp\htdocs\ecart\system\View\View.php(213): CodeIgniter\View\View->CodeIgniter\View\{closure}()
#3 C:\xampp\htdocs\ecart\system\View\View.php(226): CodeIgniter\View\View->render('admin/layout', Array, true)
#4 C:\xampp\htdocs\ecart\system\Common.php(1089): CodeIgniter\View\View->render('admin/orders', Array, true)
#5 C:\xampp\htdocs\ecart\app\Controllers\Admin.php(222): view('admin/orders')
#6 C:\xampp\htdocs\ecart\system\CodeIgniter.php(825): App\Controllers\Admin->orders()
#7 C:\xampp\htdocs\ecart\system\CodeIgniter.php(412): CodeIgniter\CodeIgniter->runController(Object(App\Controllers\Admin))
#8 C:\xampp\htdocs\ecart\system\CodeIgniter.php(320): CodeIgniter\CodeIgniter->handleRequest(NULL, Object(Config\Cache), false)
#9 C:\xampp\htdocs\ecart\index.php(37): CodeIgniter\CodeIgniter->run()
#10 {main}
CRITICAL - 2025-07-16 06:32:22 --> Undefined variable $store
#0 C:\xampp\htdocs\ecart\app\Views\admin\layout.php(6): CodeIgniter\Debug\Exceptions->errorHandler(2, 'Undefined varia...', 'C:\\xampp\\htdocs...', 6)
#1 C:\xampp\htdocs\ecart\system\View\View.php(210): include('C:\\xampp\\htdocs...')
#2 C:\xampp\htdocs\ecart\system\View\View.php(213): CodeIgniter\View\View->CodeIgniter\View\{closure}()
#3 C:\xampp\htdocs\ecart\system\View\View.php(226): CodeIgniter\View\View->render('admin/layout', Array, true)
#4 C:\xampp\htdocs\ecart\system\Common.php(1089): CodeIgniter\View\View->render('admin/orders', Array, true)
#5 C:\xampp\htdocs\ecart\app\Controllers\Admin.php(222): view('admin/orders')
#6 C:\xampp\htdocs\ecart\system\CodeIgniter.php(825): App\Controllers\Admin->orders()
#7 C:\xampp\htdocs\ecart\system\CodeIgniter.php(412): CodeIgniter\CodeIgniter->runController(Object(App\Controllers\Admin))
#8 C:\xampp\htdocs\ecart\system\CodeIgniter.php(320): CodeIgniter\CodeIgniter->handleRequest(NULL, Object(Config\Cache), false)
#9 C:\xampp\htdocs\ecart\index.php(37): CodeIgniter\CodeIgniter->run()
#10 {main}
CRITICAL - 2025-07-16 06:32:27 --> Undefined variable $store
#0 C:\xampp\htdocs\ecart\app\Views\admin\layout.php(6): CodeIgniter\Debug\Exceptions->errorHandler(2, 'Undefined varia...', 'C:\\xampp\\htdocs...', 6)
#1 C:\xampp\htdocs\ecart\system\View\View.php(210): include('C:\\xampp\\htdocs...')
#2 C:\xampp\htdocs\ecart\system\View\View.php(213): CodeIgniter\View\View->CodeIgniter\View\{closure}()
#3 C:\xampp\htdocs\ecart\system\View\View.php(226): CodeIgniter\View\View->render('admin/layout', Array, true)
#4 C:\xampp\htdocs\ecart\system\Common.php(1089): CodeIgniter\View\View->render('admin/orders', Array, true)
#5 C:\xampp\htdocs\ecart\app\Controllers\Admin.php(222): view('admin/orders')
#6 C:\xampp\htdocs\ecart\system\CodeIgniter.php(825): App\Controllers\Admin->orders()
#7 C:\xampp\htdocs\ecart\system\CodeIgniter.php(412): CodeIgniter\CodeIgniter->runController(Object(App\Controllers\Admin))
#8 C:\xampp\htdocs\ecart\system\CodeIgniter.php(320): CodeIgniter\CodeIgniter->handleRequest(NULL, Object(Config\Cache), false)
#9 C:\xampp\htdocs\ecart\index.php(37): CodeIgniter\CodeIgniter->run()
#10 {main}
ERROR - 2025-07-16 06:43:33 --> Cannot add or update a child row: a foreign key constraint fails (`ecommerce`.`orders`, CONSTRAINT `orders_ibfk_2` FOREIGN KEY (`user_id`) REFERENCES `users` (`id`) ON DELETE CASCADE)
ERROR - 2025-07-16 06:43:33 --> Cannot add or update a child row: a foreign key constraint fails (`ecommerce`.`order_items`, CONSTRAINT `order_items_ibfk_1` FOREIGN KEY (`order_id`) REFERENCES `orders` (`id`) ON DELETE CASCADE)
ERROR - 2025-07-16 06:43:33 --> Cannot add or update a child row: a foreign key constraint fails (`ecommerce`.`order_items`, CONSTRAINT `order_items_ibfk_1` FOREIGN KEY (`order_id`) REFERENCES `orders` (`id`) ON DELETE CASCADE)
CRITICAL - 2025-07-16 06:43:52 --> Undefined variable $store
#0 C:\xampp\htdocs\ecart\app\Views\admin\layout.php(6): CodeIgniter\Debug\Exceptions->errorHandler(2, 'Undefined varia...', 'C:\\xampp\\htdocs...', 6)
#1 C:\xampp\htdocs\ecart\system\View\View.php(210): include('C:\\xampp\\htdocs...')
#2 C:\xampp\htdocs\ecart\system\View\View.php(213): CodeIgniter\View\View->CodeIgniter\View\{closure}()
#3 C:\xampp\htdocs\ecart\system\View\View.php(226): CodeIgniter\View\View->render('admin/layout', Array, true)
#4 C:\xampp\htdocs\ecart\system\Common.php(1089): CodeIgniter\View\View->render('admin/orders', Array, true)
#5 C:\xampp\htdocs\ecart\app\Controllers\Admin.php(222): view('admin/orders')
#6 C:\xampp\htdocs\ecart\system\CodeIgniter.php(825): App\Controllers\Admin->orders()
#7 C:\xampp\htdocs\ecart\system\CodeIgniter.php(412): CodeIgniter\CodeIgniter->runController(Object(App\Controllers\Admin))
#8 C:\xampp\htdocs\ecart\system\CodeIgniter.php(320): CodeIgniter\CodeIgniter->handleRequest(NULL, Object(Config\Cache), false)
#9 C:\xampp\htdocs\ecart\index.php(37): CodeIgniter\CodeIgniter->run()
#10 {main}
CRITICAL - 2025-07-16 06:51:12 --> Undefined variable $store
#0 C:\xampp\htdocs\ecart\app\Views\admin\layout.php(6): CodeIgniter\Debug\Exceptions->errorHandler(2, 'Undefined varia...', 'C:\\xampp\\htdocs...', 6)
#1 C:\xampp\htdocs\ecart\system\View\View.php(210): include('C:\\xampp\\htdocs...')
#2 C:\xampp\htdocs\ecart\system\View\View.php(213): CodeIgniter\View\View->CodeIgniter\View\{closure}()
#3 C:\xampp\htdocs\ecart\system\View\View.php(226): CodeIgniter\View\View->render('admin/layout', Array, true)
#4 C:\xampp\htdocs\ecart\system\Common.php(1089): CodeIgniter\View\View->render('admin/orders', Array, true)
#5 C:\xampp\htdocs\ecart\app\Controllers\Admin.php(222): view('admin/orders')
#6 C:\xampp\htdocs\ecart\system\CodeIgniter.php(825): App\Controllers\Admin->orders()
#7 C:\xampp\htdocs\ecart\system\CodeIgniter.php(412): CodeIgniter\CodeIgniter->runController(Object(App\Controllers\Admin))
#8 C:\xampp\htdocs\ecart\system\CodeIgniter.php(320): CodeIgniter\CodeIgniter->handleRequest(NULL, Object(Config\Cache), false)
#9 C:\xampp\htdocs\ecart\index.php(37): CodeIgniter\CodeIgniter->run()
#10 {main}
CRITICAL - 2025-07-16 06:57:29 --> Call to undefined function App\Controllers\getSubdomainStoreId()
#0 C:\xampp\htdocs\ecart\system\CodeIgniter.php(825): App\Controllers\Cart->checkout()
#1 C:\xampp\htdocs\ecart\system\CodeIgniter.php(412): CodeIgniter\CodeIgniter->runController(Object(App\Controllers\Cart))
#2 C:\xampp\htdocs\ecart\system\CodeIgniter.php(320): CodeIgniter\CodeIgniter->handleRequest(NULL, Object(Config\Cache), false)
#3 C:\xampp\htdocs\ecart\index.php(37): CodeIgniter\CodeIgniter->run()
#4 {main}
CRITICAL - 2025-07-16 06:59:39 --> Undefined variable $store
#0 C:\xampp\htdocs\ecart\app\Views\order_success.php(5): CodeIgniter\Debug\Exceptions->errorHandler(2, 'Undefined varia...', 'C:\\xampp\\htdocs...', 5)
#1 C:\xampp\htdocs\ecart\system\View\View.php(210): include('C:\\xampp\\htdocs...')
#2 C:\xampp\htdocs\ecart\system\View\View.php(213): CodeIgniter\View\View->CodeIgniter\View\{closure}()
#3 C:\xampp\htdocs\ecart\system\Common.php(1089): CodeIgniter\View\View->render('order_success', Array, true)
#4 C:\xampp\htdocs\ecart\app\Controllers\Cart.php(110): view('order_success')
#5 C:\xampp\htdocs\ecart\system\CodeIgniter.php(825): App\Controllers\Cart->checkout()
#6 C:\xampp\htdocs\ecart\system\CodeIgniter.php(412): CodeIgniter\CodeIgniter->runController(Object(App\Controllers\Cart))
#7 C:\xampp\htdocs\ecart\system\CodeIgniter.php(320): CodeIgniter\CodeIgniter->handleRequest(NULL, Object(Config\Cache), false)
#8 C:\xampp\htdocs\ecart\index.php(37): CodeIgniter\CodeIgniter->run()
#9 {main}
CRITICAL - 2025-07-16 06:59:41 --> foreach() argument must be of type array|object, null given
#0 C:\xampp\htdocs\ecart\app\Controllers\Cart.php(74): CodeIgniter\Debug\Exceptions->errorHandler(2, 'foreach() argum...', 'C:\\xampp\\htdocs...', 74)
#1 C:\xampp\htdocs\ecart\system\CodeIgniter.php(825): App\Controllers\Cart->checkout()
#2 C:\xampp\htdocs\ecart\system\CodeIgniter.php(412): CodeIgniter\CodeIgniter->runController(Object(App\Controllers\Cart))
#3 C:\xampp\htdocs\ecart\system\CodeIgniter.php(320): CodeIgniter\CodeIgniter->handleRequest(NULL, Object(Config\Cache), false)
#4 C:\xampp\htdocs\ecart\index.php(37): CodeIgniter\CodeIgniter->run()
#5 {main}
CRITICAL - 2025-07-16 06:59:41 --> foreach() argument must be of type array|object, null given
#0 C:\xampp\htdocs\ecart\app\Controllers\Cart.php(74): CodeIgniter\Debug\Exceptions->errorHandler(2, 'foreach() argum...', 'C:\\xampp\\htdocs...', 74)
#1 C:\xampp\htdocs\ecart\system\CodeIgniter.php(825): App\Controllers\Cart->checkout()
#2 C:\xampp\htdocs\ecart\system\CodeIgniter.php(412): CodeIgniter\CodeIgniter->runController(Object(App\Controllers\Cart))
#3 C:\xampp\htdocs\ecart\system\CodeIgniter.php(320): CodeIgniter\CodeIgniter->handleRequest(NULL, Object(Config\Cache), false)
#4 C:\xampp\htdocs\ecart\index.php(37): CodeIgniter\CodeIgniter->run()
#5 {main}
CRITICAL - 2025-07-16 06:59:53 --> Undefined variable $store
#0 C:\xampp\htdocs\ecart\app\Views\order_success.php(5): CodeIgniter\Debug\Exceptions->errorHandler(2, 'Undefined varia...', 'C:\\xampp\\htdocs...', 5)
#1 C:\xampp\htdocs\ecart\system\View\View.php(210): include('C:\\xampp\\htdocs...')
#2 C:\xampp\htdocs\ecart\system\View\View.php(213): CodeIgniter\View\View->CodeIgniter\View\{closure}()
#3 C:\xampp\htdocs\ecart\system\Common.php(1089): CodeIgniter\View\View->render('order_success', Array, true)
#4 C:\xampp\htdocs\ecart\app\Controllers\Cart.php(110): view('order_success')
#5 C:\xampp\htdocs\ecart\system\CodeIgniter.php(825): App\Controllers\Cart->checkout()
#6 C:\xampp\htdocs\ecart\system\CodeIgniter.php(412): CodeIgniter\CodeIgniter->runController(Object(App\Controllers\Cart))
#7 C:\xampp\htdocs\ecart\system\CodeIgniter.php(320): CodeIgniter\CodeIgniter->handleRequest(NULL, Object(Config\Cache), false)
#8 C:\xampp\htdocs\ecart\index.php(37): CodeIgniter\CodeIgniter->run()
#9 {main}
CRITICAL - 2025-07-16 07:00:37 --> Undefined variable $store
#0 C:\xampp\htdocs\ecart\app\Views\admin\layout.php(6): CodeIgniter\Debug\Exceptions->errorHandler(2, 'Undefined varia...', 'C:\\xampp\\htdocs...', 6)
#1 C:\xampp\htdocs\ecart\system\View\View.php(210): include('C:\\xampp\\htdocs...')
#2 C:\xampp\htdocs\ecart\system\View\View.php(213): CodeIgniter\View\View->CodeIgniter\View\{closure}()
#3 C:\xampp\htdocs\ecart\system\View\View.php(226): CodeIgniter\View\View->render('admin/layout', Array, true)
#4 C:\xampp\htdocs\ecart\system\Common.php(1089): CodeIgniter\View\View->render('admin/orders', Array, true)
#5 C:\xampp\htdocs\ecart\app\Controllers\Admin.php(222): view('admin/orders')
#6 C:\xampp\htdocs\ecart\system\CodeIgniter.php(825): App\Controllers\Admin->orders()
#7 C:\xampp\htdocs\ecart\system\CodeIgniter.php(412): CodeIgniter\CodeIgniter->runController(Object(App\Controllers\Admin))
#8 C:\xampp\htdocs\ecart\system\CodeIgniter.php(320): CodeIgniter\CodeIgniter->handleRequest(NULL, Object(Config\Cache), false)
#9 C:\xampp\htdocs\ecart\index.php(37): CodeIgniter\CodeIgniter->run()
#10 {main}
CRITICAL - 2025-07-16 07:01:09 --> Undefined variable $order_id
#0 C:\xampp\htdocs\ecart\app\Views\order_success.php(17): CodeIgniter\Debug\Exceptions->errorHandler(2, 'Undefined varia...', 'C:\\xampp\\htdocs...', 17)
#1 C:\xampp\htdocs\ecart\system\View\View.php(210): include('C:\\xampp\\htdocs...')
#2 C:\xampp\htdocs\ecart\system\View\View.php(213): CodeIgniter\View\View->CodeIgniter\View\{closure}()
#3 C:\xampp\htdocs\ecart\system\Common.php(1089): CodeIgniter\View\View->render('order_success', Array, true)
#4 C:\xampp\htdocs\ecart\app\Controllers\Cart.php(114): view('order_success', Array)
#5 C:\xampp\htdocs\ecart\system\CodeIgniter.php(825): App\Controllers\Cart->checkout()
#6 C:\xampp\htdocs\ecart\system\CodeIgniter.php(412): CodeIgniter\CodeIgniter->runController(Object(App\Controllers\Cart))
#7 C:\xampp\htdocs\ecart\system\CodeIgniter.php(320): CodeIgniter\CodeIgniter->handleRequest(NULL, Object(Config\Cache), false)
#8 C:\xampp\htdocs\ecart\index.php(37): CodeIgniter\CodeIgniter->run()
#9 {main}
CRITICAL - 2025-07-16 07:02:42 --> foreach() argument must be of type array|object, null given
#0 C:\xampp\htdocs\ecart\app\Controllers\Cart.php(78): CodeIgniter\Debug\Exceptions->errorHandler(2, 'foreach() argum...', 'C:\\xampp\\htdocs...', 78)
#1 C:\xampp\htdocs\ecart\system\CodeIgniter.php(825): App\Controllers\Cart->checkout()
#2 C:\xampp\htdocs\ecart\system\CodeIgniter.php(412): CodeIgniter\CodeIgniter->runController(Object(App\Controllers\Cart))
#3 C:\xampp\htdocs\ecart\system\CodeIgniter.php(320): CodeIgniter\CodeIgniter->handleRequest(NULL, Object(Config\Cache), false)
#4 C:\xampp\htdocs\ecart\index.php(37): CodeIgniter\CodeIgniter->run()
#5 {main}
CRITICAL - 2025-07-16 07:09:05 --> Undefined variable $store
#0 C:\xampp\htdocs\ecart\app\Views\admin\layout.php(6): CodeIgniter\Debug\Exceptions->errorHandler(2, 'Undefined varia...', 'C:\\xampp\\htdocs...', 6)
#1 C:\xampp\htdocs\ecart\system\View\View.php(210): include('C:\\xampp\\htdocs...')
#2 C:\xampp\htdocs\ecart\system\View\View.php(213): CodeIgniter\View\View->CodeIgniter\View\{closure}()
#3 C:\xampp\htdocs\ecart\system\View\View.php(226): CodeIgniter\View\View->render('admin/layout', Array, true)
#4 C:\xampp\htdocs\ecart\system\Common.php(1089): CodeIgniter\View\View->render('admin/orders', Array, true)
#5 C:\xampp\htdocs\ecart\app\Controllers\Admin.php(227): view('admin/orders', Array)
#6 C:\xampp\htdocs\ecart\system\CodeIgniter.php(825): App\Controllers\Admin->orders()
#7 C:\xampp\htdocs\ecart\system\CodeIgniter.php(412): CodeIgniter\CodeIgniter->runController(Object(App\Controllers\Admin))
#8 C:\xampp\htdocs\ecart\system\CodeIgniter.php(320): CodeIgniter\CodeIgniter->handleRequest(NULL, Object(Config\Cache), false)
#9 C:\xampp\htdocs\ecart\index.php(37): CodeIgniter\CodeIgniter->run()
#10 {main}
CRITICAL - 2025-07-16 07:09:09 --> Undefined variable $store
#0 C:\xampp\htdocs\ecart\app\Views\admin\layout.php(6): CodeIgniter\Debug\Exceptions->errorHandler(2, 'Undefined varia...', 'C:\\xampp\\htdocs...', 6)
#1 C:\xampp\htdocs\ecart\system\View\View.php(210): include('C:\\xampp\\htdocs...')
#2 C:\xampp\htdocs\ecart\system\View\View.php(213): CodeIgniter\View\View->CodeIgniter\View\{closure}()
#3 C:\xampp\htdocs\ecart\system\View\View.php(226): CodeIgniter\View\View->render('admin/layout', Array, true)
#4 C:\xampp\htdocs\ecart\system\Common.php(1089): CodeIgniter\View\View->render('admin/orders', Array, true)
#5 C:\xampp\htdocs\ecart\app\Controllers\Admin.php(227): view('admin/orders', Array)
#6 C:\xampp\htdocs\ecart\system\CodeIgniter.php(825): App\Controllers\Admin->orders()
#7 C:\xampp\htdocs\ecart\system\CodeIgniter.php(412): CodeIgniter\CodeIgniter->runController(Object(App\Controllers\Admin))
#8 C:\xampp\htdocs\ecart\system\CodeIgniter.php(320): CodeIgniter\CodeIgniter->handleRequest(NULL, Object(Config\Cache), false)
#9 C:\xampp\htdocs\ecart\index.php(37): CodeIgniter\CodeIgniter->run()
#10 {main}
CRITICAL - 2025-07-16 07:09:09 --> Undefined variable $store
#0 C:\xampp\htdocs\ecart\app\Views\admin\layout.php(6): CodeIgniter\Debug\Exceptions->errorHandler(2, 'Undefined varia...', 'C:\\xampp\\htdocs...', 6)
#1 C:\xampp\htdocs\ecart\system\View\View.php(210): include('C:\\xampp\\htdocs...')
#2 C:\xampp\htdocs\ecart\system\View\View.php(213): CodeIgniter\View\View->CodeIgniter\View\{closure}()
#3 C:\xampp\htdocs\ecart\system\View\View.php(226): CodeIgniter\View\View->render('admin/layout', Array, true)
#4 C:\xampp\htdocs\ecart\system\Common.php(1089): CodeIgniter\View\View->render('admin/orders', Array, true)
#5 C:\xampp\htdocs\ecart\app\Controllers\Admin.php(227): view('admin/orders', Array)
#6 C:\xampp\htdocs\ecart\system\CodeIgniter.php(825): App\Controllers\Admin->orders()
#7 C:\xampp\htdocs\ecart\system\CodeIgniter.php(412): CodeIgniter\CodeIgniter->runController(Object(App\Controllers\Admin))
#8 C:\xampp\htdocs\ecart\system\CodeIgniter.php(320): CodeIgniter\CodeIgniter->handleRequest(NULL, Object(Config\Cache), false)
#9 C:\xampp\htdocs\ecart\index.php(37): CodeIgniter\CodeIgniter->run()
#10 {main}
CRITICAL - 2025-07-16 07:09:31 --> Undefined variable $store
#0 C:\xampp\htdocs\ecart\app\Views\admin\layout.php(6): CodeIgniter\Debug\Exceptions->errorHandler(2, 'Undefined varia...', 'C:\\xampp\\htdocs...', 6)
#1 C:\xampp\htdocs\ecart\system\View\View.php(210): include('C:\\xampp\\htdocs...')
#2 C:\xampp\htdocs\ecart\system\View\View.php(213): CodeIgniter\View\View->CodeIgniter\View\{closure}()
#3 C:\xampp\htdocs\ecart\system\View\View.php(226): CodeIgniter\View\View->render('admin/layout', Array, true)
#4 C:\xampp\htdocs\ecart\system\Common.php(1089): CodeIgniter\View\View->render('admin/orders', Array, true)
#5 C:\xampp\htdocs\ecart\app\Controllers\Admin.php(227): view('admin/orders', Array)
#6 C:\xampp\htdocs\ecart\system\CodeIgniter.php(825): App\Controllers\Admin->orders()
#7 C:\xampp\htdocs\ecart\system\CodeIgniter.php(412): CodeIgniter\CodeIgniter->runController(Object(App\Controllers\Admin))
#8 C:\xampp\htdocs\ecart\system\CodeIgniter.php(320): CodeIgniter\CodeIgniter->handleRequest(NULL, Object(Config\Cache), false)
#9 C:\xampp\htdocs\ecart\index.php(37): CodeIgniter\CodeIgniter->run()
#10 {main}
CRITICAL - 2025-07-16 07:30:43 --> Undefined variable $payment
#0 C:\xampp\htdocs\ecart\app\Views\order_success.php(18): CodeIgniter\Debug\Exceptions->errorHandler(2, 'Undefined varia...', 'C:\\xampp\\htdocs...', 18)
#1 C:\xampp\htdocs\ecart\system\View\View.php(210): include('C:\\xampp\\htdocs...')
#2 C:\xampp\htdocs\ecart\system\View\View.php(213): CodeIgniter\View\View->CodeIgniter\View\{closure}()
#3 C:\xampp\htdocs\ecart\system\Common.php(1089): CodeIgniter\View\View->render('order_success', Array, true)
#4 C:\xampp\htdocs\ecart\app\Controllers\Cart.php(135): view('order_success', Array)
#5 C:\xampp\htdocs\ecart\system\CodeIgniter.php(825): App\Controllers\Cart->placeOrder()
#6 C:\xampp\htdocs\ecart\system\CodeIgniter.php(412): CodeIgniter\CodeIgniter->runController(Object(App\Controllers\Cart))
#7 C:\xampp\htdocs\ecart\system\CodeIgniter.php(320): CodeIgniter\CodeIgniter->handleRequest(NULL, Object(Config\Cache), false)
#8 C:\xampp\htdocs\ecart\index.php(37): CodeIgniter\CodeIgniter->run()
#9 {main}
CRITICAL - 2025-07-16 07:50:37 --> Invalid file: admin/invoice.php
#0 C:\xampp\htdocs\ecart\system\View\View.php(198): CodeIgniter\Exceptions\FrameworkException::forInvalidFile('admin/invoice.p...')
#1 C:\xampp\htdocs\ecart\system\Common.php(1089): CodeIgniter\View\View->render('admin/invoice', Array, true)
#2 C:\xampp\htdocs\ecart\app\Controllers\Admin.php(260): view('admin/invoice', Array)
#3 C:\xampp\htdocs\ecart\system\CodeIgniter.php(825): App\Controllers\Admin->invoice('7')
#4 C:\xampp\htdocs\ecart\system\CodeIgniter.php(412): CodeIgniter\CodeIgniter->runController(Object(App\Controllers\Admin))
#5 C:\xampp\htdocs\ecart\system\CodeIgniter.php(320): CodeIgniter\CodeIgniter->handleRequest(NULL, Object(Config\Cache), false)
#6 C:\xampp\htdocs\ecart\index.php(37): CodeIgniter\CodeIgniter->run()
#7 {main}
